[ERROR Mar 22 02:33:29.030168200, defaults.go:139] Could not load configuration: Failed to load configuration.

Stacktrace: D:/a/cli/cli/internal/logging/logging.go:github.com/ActiveState/cli/internal/logging.Error:258
D:/a/cli/cli/internal/logging/defaults.go:github.com/ActiveState/cli/internal/logging.init.0:139
C:/hostedtoolcache/windows/go/1.15.8/x64/src/runtime/proc.go:runtime.doInit:5652
C:/hostedtoolcache/windows/go/1.15.8/x64/src/runtime/proc.go:runtime.doInit:5647
C:/hostedtoolcache/windows/go/1.15.8/x64/src/runtime/proc.go:runtime.doInit:5647
C:/hostedtoolcache/windows/go/1.15.8/x64/src/runtime/proc.go:runtime.main:191
C:/hostedtoolcache/windows/go/1.15.8/x64/src/runtime/asm_amd64.s:runtime.goexit:1374

[DEBUG Mar 22 02:33:29.090166100, locale.go:34] Init
[DEBUG Mar 22 02:33:29.490167900, secrets.go:42] Gcloud could not get project ID (ignore if you're not trying to use gcloud): Get "http://169.254.169.254/computeMetadata/v1/project/project-id": dial tcp 169.254.169.254:80: connectex: A socket operation was attempted to an unreachable network.
[DEBUG Mar 22 02:33:29.581810100, output.go:52] Requested outputer for editor
[DEBUG Mar 22 02:33:29.581810100, output.go:69] Using Editor outputer
[DEBUG Mar 22 02:33:29.584809500, main.go:110] ConfigPath: C:\Users\zombie\AppData\Roaming\activestate\cli-release
[DEBUG Mar 22 02:33:29.584809500, main.go:111] CachePath: C:\Users\zombie\AppData\Local\activestate
[DEBUG Mar 22 02:33:29.590807800, subshell.go:87] Detected SHELL: C:\Windows\system32\cmd.exe
[DEBUG Mar 22 02:33:29.590807800, subshell.go:122] Using binary: C:\Windows\system32\cmd.exe
[DEBUG Mar 22 02:33:29.596808500, secrets.go:61] secrets-api scheme=https host=platform.activestate.com base_path=/api/secrets/v1
[DEBUG Mar 22 02:33:29.620811000, secrets.go:61] secrets-api scheme=https host=platform.activestate.com base_path=/api/secrets/v1
[DEBUG Mar 22 02:33:29.624810200, autoupdate.go:27] Not running auto updates
[DEBUG Mar 22 02:33:29.626806300, deprecation.go:153] Fetching deprecation information from S3
[DEBUG Mar 22 02:33:30.258545200, analytics.go:225] Sending Google Analytics event with: run-command, show, 
[DEBUG Mar 22 02:33:30.258545200, analytics.go:248] Sending S3 pixel event with: run-command, show, 
[DEBUG Mar 22 02:33:30.258545200, analytics.go:266] Using S3 pixel URL: %!(EXTRA string=https://state-tool.s3.amazonaws.com/pixel?x-action=show&x-category=run-command&x-custom10=&x-custom2=0.25.1-SHAd98b4c4&x-custom3=release&x-custom4=&x-custom5=editor&x-custom6=Windows&x-custom7=10.0.19043&x-custom8=&x-custom9=def8711e-79b4-4707-a60e-0f1cde3ff450&x-label=)
[DEBUG Mar 22 02:33:30.261546700, cmdcall.go:47] cmdcall
[DEBUG Mar 22 02:33:30.263545800, show.go:131] Execute show
[DEBUG Mar 22 02:33:30.264544500, analytics.go:248] Sending S3 pixel event with: command-exit, show, 1
[DEBUG Mar 22 02:33:30.264544500, analytics.go:225] Sending Google Analytics event with: command-exit, show, 1
[DEBUG Mar 22 02:33:30.264544500, analytics.go:266] Using S3 pixel URL: %!(EXTRA string=https://state-tool.s3.amazonaws.com/pixel?x-action=show&x-category=command-exit&x-custom10=&x-custom2=0.25.1-SHAd98b4c4&x-custom3=release&x-custom4=&x-custom5=editor&x-custom6=Windows&x-custom7=10.0.19043&x-custom8=&x-custom9=def8711e-79b4-4707-a60e-0f1cde3ff450&x-label=1)
[DEBUG Mar 22 02:33:30.530072900, errors.go:90] Returning input error:
To run this command you need to be in an existing project. You can create a new project with [ACTIONABLE]state init[/RESET] or run this command from a directory that is in an existing project. You can also mark a project as the default to use by running [ACTIONABLE]`state activate --default`[/RESET] inside your project directory.
Created at:
D:/a/cli/cli/internal/runners/show/show.go:github.com/ActiveState/cli/internal/runners/show.(*Show).Run:164
D:/a/cli/cli/cmd/state/internal/cmdtree/show.go:github.com/ActiveState/cli/cmd/state/internal/cmdtree.newShowCommand.func1:30
D:/a/cli/cli/cmd/state/internal/cmdtree/cmdtree.go:github.com/ActiveState/cli/cmd/state/internal/cmdtree.interceptAddHeadlessNotify.func1.1:328
D:/a/cli/cli/cmd/state/internal/cmdtree/intercepts/cmdcall/cmdcall.go:github.com/ActiveState/cli/cmd/state/internal/cmdtree/intercepts/cmdcall.(*CmdCall).InterceptExec.func1:33
D:/a/cli/cli/internal/captain/command.go:github.com/ActiveState/cli/internal/captain.(*Command).runner.func1:531
D:/a/cli/cli/internal/sighandler/awaiting.go:github.com/ActiveState/cli/internal/sighandler.(*sigHandler).WaitForFunc.func1:46
C:/hostedtoolcache/windows/go/1.15.8/x64/src/runtime/asm_amd64.s:runtime.goexit:1374
